{"total": {"lines":{"total":1092,"covered":945,"skipped":0,"pct":86.53},"statements":{"total":1092,"covered":945,"skipped":0,"pct":86.53},"functions":{"total":62,"covered":44,"skipped":0,"pct":70.96},"branches":{"total":266,"covered":165,"skipped":0,"pct":62.03},"branchesTrue":{"total":0,"covered":0,"skipped":0,"pct":100}}
,"C:\\Users\\Senuu\\CascadeProjects\\homestead-tracker\\src\\test-utils.jsx": {"lines":{"total":8,"covered":8,"skipped":0,"pct":100},"functions":{"total":2,"covered":2,"skipped":0,"pct":100},"statements":{"total":8,"covered":8,"skipped":0,"pct":100},"branches":{"total":2,"covered":2,"skipped":0,"pct":100}}
,"C:\\Users\\Senuu\\CascadeProjects\\homestead-tracker\\src\\components\\ChickenForm.jsx": {"lines":{"total":334,"covered":299,"skipped":0,"pct":89.52},"functions":{"total":4,"covered":4,"skipped":0,"pct":100},"statements":{"total":334,"covered":299,"skipped":0,"pct":89.52},"branches":{"total":65,"covered":39,"skipped":0,"pct":60}}
,"C:\\Users\\Senuu\\CascadeProjects\\homestead-tracker\\src\\components\\ChickenList.jsx": {"lines":{"total":351,"covered":281,"skipped":0,"pct":80.05},"functions":{"total":25,"covered":11,"skipped":0,"pct":44},"statements":{"total":351,"covered":281,"skipped":0,"pct":80.05},"branches":{"total":76,"covered":53,"skipped":0,"pct":69.73}}
,"C:\\Users\\Senuu\\CascadeProjects\\homestead-tracker\\src\\contexts\\ChickenContext.jsx": {"lines":{"total":137,"covered":111,"skipped":0,"pct":81.02},"functions":{"total":15,"covered":12,"skipped":0,"pct":80},"statements":{"total":137,"covered":111,"skipped":0,"pct":81.02},"branches":{"total":29,"covered":21,"skipped":0,"pct":72.41}}
,"C:\\Users\\Senuu\\CascadeProjects\\homestead-tracker\\src\\utils\\storage.js": {"lines":{"total":262,"covered":246,"skipped":0,"pct":93.89},"functions":{"total":16,"covered":15,"skipped":0,"pct":93.75},"statements":{"total":262,"covered":246,"skipped":0,"pct":93.89},"branches":{"total":94,"covered":50,"skipped":0,"pct":53.19}}
}
